5.4976 	WARNING 	We strongly recommend you activate the PTB sound engine in PsychoPy prefs as the preferred audio engine. Its timing is vastly superior. Your prefs are currently set to use ['sounddevice', 'PTB', 'pyo', 'pygame'] (in that order).
20.1294 	WARNING 	User requested fullscreen with size [1024  768], but screen is actually [1920, 1080]. Using actual size
22.4312 	EXP 	Created window1 = Window(allowGUI=True, allowStencil=False, autoLog=True, backendConf=UNKNOWN, bitsMode=UNKNOWN, blendMode='avg', bpc=(8, 8, 8), color=array([0, 0, 0]), colorSpace='rgb', depthBits=8, fullscr=<method-wrapper '__getattribute__' of attributeSetter object at 0x00000230CCD31130>, gamma=None, gammaErrorPolicy='raise', lms=UNKNOWN, monitor=<psychopy.monitors.calibTools.Monitor object at 0x00000230CD1CD370>, multiSample=False, name='window1', numSamples=2, pos=(0, 0), screen=0, size=array([1920, 1080]), stencilBits=0, stereo=False, units='height', useFBO=True, useRetina=False, viewOri=0.0, viewPos=None, viewScale=None, waitBlanking=True, winType='pyglet')
22.4314 	EXP 	window1: mouseVisible = True
22.4316 	EXP 	window1: mouseVisible = False
22.4317 	EXP 	window1: Attempting to measure frame rate of screen (0) ...
22.4317 	EXP 	window1: recordFrameIntervals = False
22.5973 	EXP 	window1: recordFrameIntervals = True
22.7808 	EXP 	Screen (0) actual frame rate measured at 60.18Hz
22.7809 	EXP 	window1: recordFrameIntervals = False
27.6756 	EXP 	Created text = TextStim(__class__=<class 'psychopy.visual.text.TextStim'>, alignHoriz=method-wrapper(...), alignText='center', alignVert=method-wrapper(...), anchorHoriz='center', anchorVert='center', antialias=True, autoDraw=False, autoLog=True, bold=False, color=array([1, 1, 1]), colorSpace='rgb', contrast=1.0, depth=0.0, flipHoriz=False, flipVert=False, font='Open Sans', fontFiles=[], height=0.05, italic=False, languageStyle='LTR', name='text', opacity=1.0, ori=0.0, pos=array([0., 0.]), rgb=UNKNOWN, text='', units='height', win=Window(...), wrapWidth=1)
27.6868 	EXP 	window1: mouseVisible = True
27.8096 	EXP 	Created slider = Slider(__class__=<class 'psychopy.visual.slider.Slider'>, autoDraw=False, autoLog=True, borderColor=None, color=None, colorSpace='rgb', depth=-1, fillColor=None, flip=False, font='Open Sans', granularity=0.0, labelColor=None, labelHeight=0.05, labelWrapWidth=None, labels=['Familiar', 'Unfamiliar'], lineColor=None, markerColor=None, name='slider', opacity=None, ori=0.0, pos=array([ 0. , -0.3]), readOnly=False, self=UNKNOWN, size=array([1. , 0.1]), startValue=None, style='rating', styleTweaks=[], ticks=array([1, 2, 3, 4, 5]), units='height', win=Window(...))
27.8108 	EXP 	Created text_2 = TextStim(__class__=<class 'psychopy.visual.text.TextStim'>, alignHoriz=method-wrapper(...), alignText='center', alignVert=method-wrapper(...), anchorHoriz='center', anchorVert='center', antialias=True, autoDraw=False, autoLog=True, bold=False, color=array([1, 1, 1]), colorSpace='rgb', contrast=1.0, depth=0.0, flipHoriz=False, flipVert=False, font='Open Sans', fontFiles=[], height=0.05, italic=False, languageStyle='LTR', name='text_2', opacity=1.0, ori=0.0, pos=array([0. , 0.3]), rgb=UNKNOWN, text='', units='height', win=Window(...), wrapWidth=1)
28.0459 	EXP 	Created text_3 = TextStim(__class__=<class 'psychopy.visual.text.TextStim'>, alignHoriz=method-wrapper(...), alignText='center', alignVert=method-wrapper(...), anchorHoriz='center', anchorVert='center', antialias=True, autoDraw=False, autoLog=True, bold=False, color=array([1, 1, 1]), colorSpace='rgb', contrast=1.0, depth=-2.0, flipHoriz=False, flipVert=False, font='Open Sans', fontFiles=[], height=0.05, italic=False, languageStyle='LTR', name='text_3', opacity=1.0, ori=0.0, pos=array([ 0. , -0.3]), rgb=UNKNOWN, text='Click to Submit', units='height', win=Window(...), wrapWidth=1)
28.0461 	EXP 	window1: mouseVisible = True
28.0609 	EXP 	Imported C:/Users/hp/Desktop/PSY310 LAB IN PSYCH/TUT_5/study_word_file.xlsx as conditions, 10 conditions, 1 params
28.0652 	EXP 	Created sequence: random, trialTypes=10, nReps=1, seed=None
28.0658 	EXP 	New trial (rep=0, index=0): {'study_word': 'mouse'}
28.1299 	EXP 	slider: autoLog = True
28.1299 	EXP 	slider: markerPos = None
28.1299 	EXP 	slider: styleTweaks = []
28.1299 	EXP 	slider: styleTweaks = []
28.1299 	EXP 	slider: styleTweaks = []
28.1299 	EXP 	slider: styleTweaks = []
28.1299 	EXP 	slider: contrast = 1.0
28.1299 	EXP 	slider: autoLog = True
28.1299 	EXP 	textbox: autoLog = True
28.1299 	EXP 	text: height = 0.05
28.1299 	EXP 	text: height = 0.05
28.1299 	EXP 	text: height = 0.05
28.1299 	EXP 	text: text = 'mouse'
28.1299 	EXP 	slider: markerPos = None
28.1299 	EXP 	slider: markerPos = None
28.1299 	EXP 	text: autoDraw = True
28.1299 	EXP 	slider: autoDraw = True
30.3802 	DATA 	Mouse: Left button down, pos=(420,223)
30.4160 	EXP 	slider: markerPos = 1.0
30.4343 	EXP 	slider: markerPos = 1.0
30.4633 	EXP 	slider: markerPos = 1.0
30.4969 	EXP 	slider: markerPos = 1.0
30.5298 	EXP 	slider: markerPos = 1.0
30.5492 	EXP 	slider: markerPos = 1.0
30.5798 	EXP 	slider: markerPos = 1.0
30.5934 	DATA 	Mouse:  Left button up, pos=(420,223)
30.6000 	EXP 	slider: markerPos = 1.0
30.6178 	EXP 	slider: markerPos = 1.0
30.6334 	EXP 	New trial (rep=0, index=1): {'study_word': 'bottle'}
30.6632 	EXP 	text: autoDraw = False
30.6632 	EXP 	slider: autoDraw = False
30.6632 	EXP 	text: height = 0.05
30.6632 	EXP 	text: height = 0.05
30.6632 	EXP 	text: height = 0.05
30.6632 	EXP 	text: text = 'bottle'
30.6632 	EXP 	slider: markerPos = None
30.6632 	EXP 	slider: markerPos = None
30.6632 	EXP 	text: autoDraw = True
30.6632 	EXP 	slider: autoDraw = True
32.5873 	DATA 	Mouse: Left button down, pos=(420,223)
32.6134 	EXP 	slider: markerPos = 1.0
32.6480 	EXP 	slider: markerPos = 1.0
32.6674 	EXP 	slider: markerPos = 1.0
32.6961 	EXP 	slider: markerPos = 1.0
32.7141 	EXP 	slider: markerPos = 1.0
32.7464 	EXP 	slider: markerPos = 1.0
32.7797 	EXP 	slider: markerPos = 1.0
32.8130 	EXP 	slider: markerPos = 1.0
32.8152 	DATA 	Mouse:  Left button up, pos=(420,223)
32.8464 	EXP 	slider: markerPos = 1.0
32.8498 	EXP 	New trial (rep=0, index=2): {'study_word': 'tiger'}
32.8964 	EXP 	text: autoDraw = False
32.8964 	EXP 	slider: autoDraw = False
32.8964 	EXP 	text: height = 0.05
32.8964 	EXP 	text: height = 0.05
32.8964 	EXP 	text: height = 0.05
32.8964 	EXP 	text: text = 'tiger'
32.8964 	EXP 	slider: markerPos = None
32.8964 	EXP 	slider: markerPos = None
32.8964 	EXP 	text: autoDraw = True
32.8964 	EXP 	slider: autoDraw = True
33.6671 	DATA 	Mouse: Left button down, pos=(420,223)
33.6964 	EXP 	slider: markerPos = 1.0
33.7297 	EXP 	slider: markerPos = 1.0
33.7630 	EXP 	slider: markerPos = 1.0
33.7978 	EXP 	slider: markerPos = 1.0
33.8299 	EXP 	slider: markerPos = 1.0
33.8632 	EXP 	slider: markerPos = 1.0
33.8964 	EXP 	slider: markerPos = 1.0
33.8989 	DATA 	Mouse:  Left button up, pos=(420,223)
33.9297 	EXP 	slider: markerPos = 1.0
33.9328 	EXP 	New trial (rep=0, index=3): {'study_word': 'phone'}
33.9806 	EXP 	text: autoDraw = False
33.9806 	EXP 	slider: autoDraw = False
33.9806 	EXP 	text: height = 0.05
33.9806 	EXP 	text: height = 0.05
33.9806 	EXP 	text: height = 0.05
33.9806 	EXP 	text: text = 'phone'
33.9806 	EXP 	slider: markerPos = None
33.9806 	EXP 	slider: markerPos = None
33.9806 	EXP 	text: autoDraw = True
33.9806 	EXP 	slider: autoDraw = True
36.3009 	DATA 	Mouse: Left button down, pos=(420,223)
36.3296 	EXP 	slider: markerPos = 1.0
36.3629 	EXP 	slider: markerPos = 1.0
36.3962 	EXP 	slider: markerPos = 1.0
36.4296 	EXP 	slider: markerPos = 1.0
36.4630 	EXP 	slider: markerPos = 1.0
36.4965 	EXP 	slider: markerPos = 1.0
36.5152 	DATA 	Mouse:  Left button up, pos=(420,223)
36.5296 	EXP 	slider: markerPos = 1.0
36.5501 	EXP 	slider: markerPos = 1.0
36.5534 	EXP 	New trial (rep=0, index=4): {'study_word': 'umbrella'}
36.5964 	EXP 	text: autoDraw = False
36.5964 	EXP 	slider: autoDraw = False
36.5964 	EXP 	text: height = 0.05
36.5964 	EXP 	text: height = 0.05
36.5964 	EXP 	text: height = 0.05
36.5964 	EXP 	text: text = 'umbrella'
36.5964 	EXP 	slider: markerPos = None
36.5964 	EXP 	slider: markerPos = None
36.5964 	EXP 	text: autoDraw = True
36.5964 	EXP 	slider: autoDraw = True
38.1376 	DATA 	Mouse: Left button down, pos=(420,223)
38.1627 	EXP 	slider: markerPos = 1.0
38.1811 	EXP 	slider: markerPos = 1.0
38.2128 	EXP 	slider: markerPos = 1.0
38.2330 	EXP 	slider: markerPos = 1.0
38.2626 	EXP 	slider: markerPos = 1.0
38.2792 	EXP 	slider: markerPos = 1.0
38.2959 	EXP 	slider: markerPos = 1.0
38.3126 	EXP 	slider: markerPos = 1.0
38.3292 	EXP 	slider: markerPos = 1.0
38.3459 	EXP 	slider: markerPos = 1.0
38.3575 	DATA 	Mouse:  Left button up, pos=(420,223)
38.3632 	EXP 	slider: markerPos = 1.0
38.3959 	EXP 	slider: markerPos = 1.0
38.3986 	EXP 	New trial (rep=0, index=5): {'study_word': 'vase'}
38.4292 	EXP 	text: autoDraw = False
38.4292 	EXP 	slider: autoDraw = False
38.4292 	EXP 	text: height = 0.05
38.4292 	EXP 	text: height = 0.05
38.4292 	EXP 	text: height = 0.05
38.4292 	EXP 	text: text = 'vase'
38.4292 	EXP 	slider: markerPos = None
38.4292 	EXP 	slider: markerPos = None
38.4292 	EXP 	text: autoDraw = True
38.4292 	EXP 	slider: autoDraw = True
39.8858 	DATA 	Mouse: Left button down, pos=(420,223)
39.9125 	EXP 	slider: markerPos = 1.0
39.9309 	EXP 	slider: markerPos = 1.0
39.9625 	EXP 	slider: markerPos = 1.0
39.9815 	EXP 	slider: markerPos = 1.0
40.0125 	EXP 	slider: markerPos = 1.0
40.0307 	EXP 	slider: markerPos = 1.0
40.0468 	EXP 	slider: markerPos = 1.0
40.0657 	EXP 	slider: markerPos = 1.0
40.0958 	EXP 	slider: markerPos = 1.0
40.1115 	DATA 	Mouse:  Left button up, pos=(420,223)
40.1296 	EXP 	slider: markerPos = 1.0
40.1626 	EXP 	slider: markerPos = 1.0
40.1657 	EXP 	New trial (rep=0, index=6): {'study_word': 'water'}
40.1965 	EXP 	text: autoDraw = False
40.1965 	EXP 	slider: autoDraw = False
40.1965 	EXP 	text: height = 0.05
40.1965 	EXP 	text: height = 0.05
40.1965 	EXP 	text: height = 0.05
40.1965 	EXP 	text: text = 'water'
40.1965 	EXP 	slider: markerPos = None
40.1965 	EXP 	slider: markerPos = None
40.1965 	EXP 	text: autoDraw = True
40.1965 	EXP 	slider: autoDraw = True
42.6320 	DATA 	Mouse: Left button down, pos=(420,223)
42.6467 	EXP 	slider: markerPos = 1.0
42.6788 	EXP 	slider: markerPos = 1.0
42.6956 	EXP 	slider: markerPos = 1.0
42.7292 	EXP 	slider: markerPos = 1.0
42.7633 	EXP 	slider: markerPos = 1.0
42.7955 	EXP 	slider: markerPos = 1.0
42.8122 	EXP 	slider: markerPos = 1.0
42.8287 	EXP 	slider: markerPos = 1.0
42.8454 	EXP 	slider: markerPos = 1.0
42.8484 	DATA 	Mouse:  Left button up, pos=(420,223)
42.8622 	EXP 	slider: markerPos = 1.0
42.8652 	EXP 	New trial (rep=0, index=7): {'study_word': 'piano'}
42.8957 	EXP 	text: autoDraw = False
42.8957 	EXP 	slider: autoDraw = False
42.8957 	EXP 	text: height = 0.05
42.8957 	EXP 	text: height = 0.05
42.8957 	EXP 	text: height = 0.05
42.8957 	EXP 	text: text = 'piano'
42.8957 	EXP 	slider: markerPos = None
42.8957 	EXP 	slider: markerPos = None
42.8957 	EXP 	text: autoDraw = True
42.8957 	EXP 	slider: autoDraw = True
44.0482 	DATA 	Mouse: Left button down, pos=(420,223)
44.0791 	EXP 	slider: markerPos = 1.0
44.1124 	EXP 	slider: markerPos = 1.0
44.1455 	EXP 	slider: markerPos = 1.0
44.1623 	EXP 	slider: markerPos = 1.0
44.1802 	EXP 	slider: markerPos = 1.0
44.1974 	EXP 	slider: markerPos = 1.0
44.2289 	EXP 	slider: markerPos = 1.0
44.2471 	DATA 	Mouse:  Left button up, pos=(420,223)
44.2622 	EXP 	slider: markerPos = 1.0
44.2788 	EXP 	slider: markerPos = 1.0
44.2808 	EXP 	New trial (rep=0, index=8): {'study_word': 'book'}
44.2972 	EXP 	text: autoDraw = False
44.2972 	EXP 	slider: autoDraw = False
44.2972 	EXP 	text: height = 0.05
44.2972 	EXP 	text: height = 0.05
44.2972 	EXP 	text: height = 0.05
44.2972 	EXP 	text: text = 'book'
44.2972 	EXP 	slider: markerPos = None
44.2972 	EXP 	slider: markerPos = None
44.2972 	EXP 	text: autoDraw = True
44.2972 	EXP 	slider: autoDraw = True
45.9484 	DATA 	Mouse: Left button down, pos=(420,223)
45.9789 	EXP 	slider: markerPos = 1.0
46.0123 	EXP 	slider: markerPos = 1.0
46.0455 	EXP 	slider: markerPos = 1.0
46.0790 	EXP 	slider: markerPos = 1.0
46.1122 	EXP 	slider: markerPos = 1.0
46.1455 	EXP 	slider: markerPos = 1.0
46.1791 	EXP 	slider: markerPos = 1.0
46.1827 	DATA 	Mouse:  Left button up, pos=(420,223)
46.2123 	EXP 	slider: markerPos = 1.0
46.2156 	EXP 	New trial (rep=0, index=9): {'study_word': 'cushion'}
46.2456 	EXP 	text: autoDraw = False
46.2456 	EXP 	slider: autoDraw = False
46.2456 	EXP 	text: height = 0.05
46.2456 	EXP 	text: height = 0.05
46.2456 	EXP 	text: height = 0.05
46.2456 	EXP 	text: text = 'cushion'
46.2456 	EXP 	slider: markerPos = None
46.2456 	EXP 	slider: markerPos = None
46.2456 	EXP 	text: autoDraw = True
46.2456 	EXP 	slider: autoDraw = True
47.8144 	DATA 	Mouse: Left button down, pos=(420,223)
47.8454 	EXP 	slider: markerPos = 1.0
47.8642 	EXP 	slider: markerPos = 1.0
47.8834 	EXP 	slider: markerPos = 1.0
47.8999 	EXP 	slider: markerPos = 1.0
47.9166 	EXP 	slider: markerPos = 1.0
47.9454 	EXP 	slider: markerPos = 1.0
47.9789 	EXP 	slider: markerPos = 1.0
48.0125 	EXP 	slider: markerPos = 1.0
48.0456 	EXP 	slider: markerPos = 1.0
48.0482 	DATA 	Mouse:  Left button up, pos=(420,223)
48.0660 	EXP 	slider: markerPos = 1.0
48.0814 	EXP 	Imported C:/Users/hp/Desktop/PSY310 LAB IN PSYCH/TUT_5/test_word_fragment.xlsx as conditions, 10 conditions, 1 params
48.0826 	EXP 	Created sequence: random, trialTypes=10, nReps=1, seed=None
48.0831 	EXP 	New trial (rep=0, index=0): {'test_word': 'c_m_r'}
48.1290 	EXP 	text: autoDraw = False
48.1290 	EXP 	slider: autoDraw = False
48.1290 	EXP 	text_2: height = 0.05
48.1290 	EXP 	text_2: height = 0.05
48.1290 	EXP 	text_2: height = 0.05
48.1290 	EXP 	text_2: text = 'c_m_r'
48.1290 	EXP 	text_2: autoDraw = True
48.1290 	EXP 	textbox: autoDraw = True
48.1290 	EXP 	text_3: autoDraw = True
52.1458 	DATA 	Keypress: c
53.2061 	DATA 	Keypress: a
53.3888 	DATA 	Keypress: m
53.6026 	DATA 	Keypress: e
53.7955 	DATA 	Keypress: r
54.1236 	DATA 	Keypress: a
55.0460 	DATA 	Keypress: backspace
56.3696 	DATA 	Keypress: backspace
56.5359 	DATA 	Keypress: backspace
57.9747 	DATA 	Keypress: backspace
58.0811 	EXP 	New trial (rep=0, index=1): {'test_word': 'o_a_n_e'}
58.0973 	EXP 	text_2: autoDraw = False
58.0973 	EXP 	textbox: autoDraw = False
58.0973 	EXP 	text_3: autoDraw = False
58.0973 	EXP 	text_2: height = 0.05
58.0973 	EXP 	text_2: height = 0.05
58.0973 	EXP 	text_2: height = 0.05
58.0973 	EXP 	text_2: text = 'o_a_n_e'
58.0973 	EXP 	text_2: autoDraw = True
58.0973 	EXP 	textbox: autoDraw = True
58.0973 	EXP 	text_3: autoDraw = True
68.0787 	EXP 	New trial (rep=0, index=2): {'test_word': '_p_a_d_'}
68.1107 	EXP 	text_2: autoDraw = False
68.1107 	EXP 	textbox: autoDraw = False
68.1107 	EXP 	text_3: autoDraw = False
68.1107 	EXP 	text_2: height = 0.05
68.1107 	EXP 	text_2: height = 0.05
68.1107 	EXP 	text_2: height = 0.05
68.1107 	EXP 	text_2: text = '_p_a_d_'
68.1107 	EXP 	text_2: autoDraw = True
68.1107 	EXP 	textbox: autoDraw = True
68.1107 	EXP 	text_3: autoDraw = True
76.3514 	DATA 	Keypress: e
77.5153 	DATA 	Keypress: p
78.0785 	EXP 	New trial (rep=0, index=3): {'test_word': 't_g_r'}
78.1101 	EXP 	text_2: autoDraw = False
78.1101 	EXP 	textbox: autoDraw = False
78.1101 	EXP 	text_3: autoDraw = False
78.1101 	EXP 	text_2: height = 0.05
78.1101 	EXP 	text_2: height = 0.05
78.1101 	EXP 	text_2: height = 0.05
78.1101 	EXP 	text_2: text = 't_g_r'
78.1101 	EXP 	text_2: autoDraw = True
78.1101 	EXP 	textbox: autoDraw = True
78.1101 	EXP 	text_3: autoDraw = True
79.2990 	DATA 	Keypress: t
79.4058 	DATA 	Keypress: i
79.7448 	DATA 	Keypress: g
79.8502 	DATA 	Keypress: e
80.0566 	DATA 	Keypress: r
82.2606 	DATA 	Mouse: Left button down, pos=(941,214)
82.2637 	EXP 	New trial (rep=0, index=4): {'test_word': '_o_s_'}
82.2930 	EXP 	text_2: autoDraw = False
82.2930 	EXP 	textbox: autoDraw = False
82.2930 	EXP 	text_3: autoDraw = False
82.2930 	EXP 	text_2: height = 0.05
82.2930 	EXP 	text_2: height = 0.05
82.2930 	EXP 	text_2: height = 0.05
82.2930 	EXP 	text_2: text = '_o_s_'
82.2930 	EXP 	text_2: autoDraw = True
82.2930 	EXP 	textbox: autoDraw = True
82.2930 	EXP 	text_3: autoDraw = True
82.4768 	DATA 	Mouse:  Left button up, pos=(941,214)
92.2688 	EXP 	New trial (rep=0, index=5): {'test_word': '_ea_o_'}
92.3096 	EXP 	text_2: autoDraw = False
92.3096 	EXP 	textbox: autoDraw = False
92.3096 	EXP 	text_3: autoDraw = False
92.3096 	EXP 	text_2: height = 0.05
92.3096 	EXP 	text_2: height = 0.05
92.3096 	EXP 	text_2: height = 0.05
92.3096 	EXP 	text_2: text = '_ea_o_'
92.3096 	EXP 	text_2: autoDraw = True
92.3096 	EXP 	textbox: autoDraw = True
92.3096 	EXP 	text_3: autoDraw = True
102.2766 	EXP 	New trial (rep=0, index=6): {'test_word': 'c_s_h_o_n'}
102.3087 	EXP 	text_2: autoDraw = False
102.3087 	EXP 	textbox: autoDraw = False
102.3087 	EXP 	text_3: autoDraw = False
102.3087 	EXP 	text_2: height = 0.05
102.3087 	EXP 	text_2: height = 0.05
102.3087 	EXP 	text_2: height = 0.05
102.3087 	EXP 	text_2: text = 'c_s_h_o_n'
102.3087 	EXP 	text_2: autoDraw = True
102.3087 	EXP 	textbox: autoDraw = True
102.3087 	EXP 	text_3: autoDraw = True
103.7175 	DATA 	Keypress: c
103.8501 	DATA 	Keypress: u
104.1589 	DATA 	Keypress: s
104.3328 	DATA 	Keypress: h
104.6196 	DATA 	Keypress: i
104.7419 	DATA 	Keypress: o
105.0043 	DATA 	Keypress: n
106.0635 	DATA 	Mouse: Left button down, pos=(941,214)
106.0659 	EXP 	New trial (rep=0, index=7): {'test_word': '_ia_n_'}
106.0912 	EXP 	text_2: autoDraw = False
106.0912 	EXP 	textbox: autoDraw = False
106.0912 	EXP 	text_3: autoDraw = False
106.0912 	EXP 	text_2: height = 0.05
106.0912 	EXP 	text_2: height = 0.05
106.0912 	EXP 	text_2: height = 0.05
106.0912 	EXP 	text_2: text = '_ia_n_'
106.0912 	EXP 	text_2: autoDraw = True
106.0912 	EXP 	textbox: autoDraw = True
106.0912 	EXP 	text_3: autoDraw = True
106.2800 	DATA 	Mouse:  Left button up, pos=(941,214)
107.2918 	DATA 	Keypress: p
107.4757 	DATA 	Keypress: i
107.7586 	DATA 	Keypress: a
107.8590 	DATA 	Keypress: n
108.0341 	DATA 	Keypress: o
109.0422 	DATA 	Mouse: Left button down, pos=(941,214)
109.0456 	EXP 	New trial (rep=0, index=8): {'test_word': '_a_e'}
109.0743 	EXP 	text_2: autoDraw = False
109.0743 	EXP 	textbox: autoDraw = False
109.0743 	EXP 	text_3: autoDraw = False
109.0743 	EXP 	text_2: height = 0.05
109.0743 	EXP 	text_2: height = 0.05
109.0743 	EXP 	text_2: height = 0.05
109.0743 	EXP 	text_2: text = '_a_e'
109.0743 	EXP 	text_2: autoDraw = True
109.0743 	EXP 	textbox: autoDraw = True
109.0743 	EXP 	text_3: autoDraw = True
109.2751 	DATA 	Mouse:  Left button up, pos=(941,214)
112.1746 	DATA 	Keypress: v
112.3410 	DATA 	Keypress: a
112.5583 	DATA 	Keypress: s
112.8195 	DATA 	Keypress: e
115.0459 	DATA 	Mouse: Left button down, pos=(941,214)
115.0487 	EXP 	New trial (rep=0, index=9): {'test_word': '_oo_'}
115.0743 	EXP 	text_2: autoDraw = False
115.0743 	EXP 	textbox: autoDraw = False
115.0743 	EXP 	text_3: autoDraw = False
115.0743 	EXP 	text_2: height = 0.05
115.0743 	EXP 	text_2: height = 0.05
115.0743 	EXP 	text_2: height = 0.05
115.0743 	EXP 	text_2: text = '_oo_'
115.0743 	EXP 	text_2: autoDraw = True
115.0743 	EXP 	textbox: autoDraw = True
115.0743 	EXP 	text_3: autoDraw = True
115.2697 	DATA 	Mouse:  Left button up, pos=(941,214)
116.5748 	DATA 	Keypress: b
116.7247 	DATA 	Keypress: o
116.8640 	DATA 	Keypress: o
117.0837 	DATA 	Keypress: k
119.7989 	DATA 	Mouse: Left button down, pos=(1023,218)
119.8236 	EXP 	text_2: autoDraw = False
119.8236 	EXP 	textbox: autoDraw = False
119.8236 	EXP 	text_3: autoDraw = False
120.0376 	EXP 	window1: mouseVisible = True
